Using pre-set license
Built from '2020.3/staging' branch; Version is '2020.3.4f1 (0abb6314276a) revision 703331'; Using compiler version '192528614'; Build Type 'Release'
OS: 'Windows 8.1  (6.3.0) 64bit' Language: 'en' Physical Memory: 1956 MB
BatchMode: 1, IsHumanControllingUs: 0, StartBugReporterOnCrash: 0, Is64bit: 1, IsPro: 0

 COMMAND LINE ARGUMENTS:
C:\Program Files\Unity\Editor\Unity.exe
-adb2
-batchMode
-noUpm
-name
AssetImportWorker1
-projectPath
F:/Projects/PhysicsPersp
-logFile
Logs/AssetImportWorker1.log
-srvPort
49192
Successfully changed project path to: F:/Projects/PhysicsPersp
F:/Projects/PhysicsPersp
Using Asset Import Pipeline V2.
Refreshing native plugins compatible for Editor in 35.66 ms, found 1 plugins.
Preloading 0 native plugins for Editor in 0.00 ms.
Initialize engine version: 2020.3.4f1 (0abb6314276a)
[Subsystems] Discovering subsystems at path C:/Program Files/Unity/Editor/Data/Resources/UnitySubsystems
[Subsystems] Discovering subsystems at path F:/Projects/PhysicsPersp/Assets
GfxDevice: creating device client; threaded=0
d3d11: QueryInterface(IDXGIFactory5) failed (80004002).
Direct3D:
    Version:  Direct3D 11.0 [level 10.1]
    Renderer: Intel(R) HD Graphics (ID=0x102)
    Vendor:   
    VRAM:     978 MB
    Driver:   9.17.10.4229
Initialize mono
Mono path[0] = 'C:/Program Files/Unity/Editor/Data/Managed'
Mono path[1] = 'C:/Program Files/Unity/Editor/Data/MonoBleedingEdge/lib/mono/unityjit'
Mono config path = 'C:/Program Files/Unity/Editor/Data/MonoBleedingEdge/etc'
Using monoOptions --debugger-agent=transport=dt_socket,embedding=1,server=y,suspend=n,address=127.0.0.1:56040
Begin MonoManager ReloadAssembly
Registering precompiled unity dll's ...
Register platform support module: C:/Program Files/Unity/Editor/Data/PlaybackEngines/WindowsStandaloneSupport/UnityEditor.WindowsStandalone.Extensions.dll
Registered in 0.001828 seconds.
Native extension for WindowsStandalone target not found
Refreshing native plugins compatible for Editor in 36.02 ms, found 1 plugins.
Preloading 0 native plugins for Editor in 0.00 ms.
Mono: successfully reloaded assembly
- Completed reload, in  3.375 seconds
Platform modules already initialized, skipping
Registering precompiled user dll's ...
Registered in 0.000530 seconds.
Begin MonoManager ReloadAssembly
Native extension for WindowsStandalone target not found
Refreshing native plugins compatible for Editor in 37.40 ms, found 1 plugins.
Preloading 0 native plugins for Editor in 0.00 ms.
Mono: successfully reloaded assembly
- Completed reload, in  2.742 seconds
Platform modules already initialized, skipping
========================================================================
Worker process is ready to serve import requests
Launched and connected shader compiler UnityShaderCompiler.exe after 0.03 seconds
Refreshing native plugins compatible for Editor in 0.40 ms, found 1 plugins.
Preloading 0 native plugins for Editor in 0.00 ms.
Unloading 929 Unused Serialized files (Serialized files now loaded: 0)
System memory in use before: 62.3 MB.
System memory in use after: 62.3 MB.

Unloading 16 unused Assets to reduce memory usage. Loaded Objects now: 1369.
Total: 8.532200 ms (FindLiveObjects: 0.198803 ms CreateObjectMapping: 0.073744 ms MarkObjects: 8.055528 ms  DeleteObjects: 0.201844 ms)

========================================================================
Received Import Request.
  path: Assets/SO
  artifactKey: Guid(1dad544bf163ff14eb90b7eecd38540b) Importer(815301076,1909f56bfc062723c751e8b465ee728b)
Start importing Assets/SO using Guid(1dad544bf163ff14eb90b7eecd38540b) Importer(815301076,1909f56bfc062723c751e8b465ee728b)  -> (artifact id: 'eba1747974175e0fe398f1275e863eba') in 0.031080 seconds
  Import took 0.033668 seconds .

========================================================================
Received Import Request.
  Time since last request: 144.251426 seconds.
  path: Assets/SO/PlayerDataChannelSO.cs
  artifactKey: Guid(b2617027093520d4b99bfc9ed7bc0bdd) Importer(815301076,1909f56bfc062723c751e8b465ee728b)
Start importing Assets/SO/PlayerDataChannelSO.cs using Guid(b2617027093520d4b99bfc9ed7bc0bdd) Importer(815301076,1909f56bfc062723c751e8b465ee728b)  -> (artifact id: 'f41f62b448fd21baffb35ada373ec08e') in 1.737188 seconds
  Import took 1.834325 seconds .

========================================================================
Received Prepare
Registering precompiled user dll's ...
Registered in 0.243163 seconds.
Begin MonoManager ReloadAssembly
Native extension for WindowsStandalone target not found
Refreshing native plugins compatible for Editor in 39.85 ms, found 1 plugins.
Preloading 0 native plugins for Editor in 0.00 ms.
Mono: successfully reloaded assembly
- Completed reload, in 37.046 seconds
Platform modules already initialized, skipping
Refreshing native plugins compatible for Editor in 0.50 ms, found 1 plugins.
Preloading 0 native plugins for Editor in 0.00 ms.
Unloading 912 Unused Serialized files (Serialized files now loaded: 0)
System memory in use before: 60.9 MB.
System memory in use after: 60.9 MB.

Unloading 7 unused Assets to reduce memory usage. Loaded Objects now: 1371.
Total: 492.453454 ms (FindLiveObjects: 35.874317 ms CreateObjectMapping: 0.139885 ms MarkObjects: 431.201487 ms  DeleteObjects: 25.233584 ms)

========================================================================
Received Prepare
Registering precompiled user dll's ...
Registered in 4.672632 seconds.
Begin MonoManager ReloadAssembly
